<?xml version="1.0" encoding="UTF-8"?>
<!-- Generated by org.testng.reporters.JUnitReportReporter -->
<testsuite skipped="0" hostname="DESKTOP-E9AFF41" name="tests.RegistrationTests" tests="16" failures="0" timestamp="26 Oct 2019 10:36:35 GMT" time="0.279" errors="0">
  <testcase name="selectMaritalStatusTest" time="0.000" classname="tests.RegistrationTests"/>
  <testcase name="selectCountryTest" time="0.016" classname="tests.RegistrationTests"/>
  <testcase name="selectAHobbyTest" time="0.000" classname="tests.RegistrationTests"/>
  <testcase name="selectCountryTest" time="0.000" classname="tests.RegistrationTests"/>
  <testcase name="selectCountryTest" time="0.000" classname="tests.RegistrationTests"/>
  <testcase name="selectMaritalStatusTest" time="0.015" classname="tests.RegistrationTests"/>
  <testcase name="selectAHobbyTest" time="0.000" classname="tests.RegistrationTests"/>
  <testcase name="selectMaritalStatusTest" time="0.007" classname="tests.RegistrationTests"/>
  <testcase name="enterFirstNameAndLastNameTest" time="0.047" classname="tests.RegistrationTests"/>
  <testcase name="enterFirstNameAndLastNameTest" time="0.078" classname="tests.RegistrationTests"/>
  <testcase name="selectAHobbyTest" time="0.015" classname="tests.RegistrationTests"/>
  <testcase name="selectAHobbyTest" time="0.000" classname="tests.RegistrationTests"/>
  <testcase name="selectMaritalStatusTest" time="0.000" classname="tests.RegistrationTests"/>
  <testcase name="selectCountryTest" time="0.007" classname="tests.RegistrationTests"/>
  <testcase name="enterFirstNameAndLastNameTest" time="0.047" classname="tests.RegistrationTests"/>
  <testcase name="enterFirstNameAndLastNameTest" time="0.047" classname="tests.RegistrationTests"/>
</testsuite> <!-- tests.RegistrationTests -->
