<?xml version="1.0" encoding="UTF-8"?>
<!-- Generated by org.testng.reporters.JUnitReportReporter -->
<testsuite skipped="0" hostname="DESKTOP-GEO1BRR" name="tests.RegistrationTests" tests="16" failures="0" timestamp="31 Jan 2019 17:47:09 GMT" time="0.244" errors="0">
  <testcase name="enterFirstNameAndLastNameTest" time="0.028" classname="tests.RegistrationTests"/>
  <testcase name="selectAHobbyTest" time="0.012" classname="tests.RegistrationTests"/>
  <testcase name="selectAHobbyTest" time="0.016" classname="tests.RegistrationTests"/>
  <testcase name="selectCountryTest" time="0.008" classname="tests.RegistrationTests"/>
  <testcase name="enterFirstNameAndLastNameTest" time="0.036" classname="tests.RegistrationTests"/>
  <testcase name="enterFirstNameAndLastNameTest" time="0.028" classname="tests.RegistrationTests"/>
  <testcase name="selectCountryTest" time="0.000" classname="tests.RegistrationTests"/>
  <testcase name="selectCountryTest" time="0.000" classname="tests.RegistrationTests"/>
  <testcase name="selectCountryTest" time="0.020" classname="tests.RegistrationTests"/>
  <testcase name="enterFirstNameAndLastNameTest" time="0.024" classname="tests.RegistrationTests"/>
  <testcase name="selectMaritalStatusTest" time="0.012" classname="tests.RegistrationTests"/>
  <testcase name="selectAHobbyTest" time="0.020" classname="tests.RegistrationTests"/>
  <testcase name="selectMaritalStatusTest" time="0.012" classname="tests.RegistrationTests"/>
  <testcase name="selectMaritalStatusTest" time="0.008" classname="tests.RegistrationTests"/>
  <testcase name="selectAHobbyTest" time="0.012" classname="tests.RegistrationTests"/>
  <testcase name="selectMaritalStatusTest" time="0.008" classname="tests.RegistrationTests"/>
</testsuite> <!-- tests.RegistrationTests -->
